<?xml version="1.0" encoding="UTF-8"?>
<!-- Generated by org.testng.reporters.JUnitReportReporter -->
<testsuite hostname="wafa_lafi" failures="0" tests="1" name="run.Runner" time="17.123" errors="0" timestamp="2025-05-29T13:34:11 WAT" skipped="0">
  <testcase classname="run.Runner" name="runScenario" time="17.123"/>
</testsuite> <!-- run.Runner -->
